<?xml version="1.0" encoding="UTF-8"?>
<!-- Generated by org.testng.reporters.JUnitReportReporter -->
<testsuite skipped="0" hostname="PC1" name="com.qa.apipractice.TestPutCall" tests="1" failures="0" timestamp="16 Apr 2020 08:41:15 GMT" time="7.406" errors="0">
  <testcase name="validatePostCall" time="7.406" classname="com.qa.apipractice.TestPutCall"/>
</testsuite> <!-- com.qa.apipractice.TestPutCall -->
