<?xml version="1.0" encoding="UTF-8"?>
<!-- Generated by org.testng.reporters.JUnitReportReporter -->
<testsuite skipped="0" hostname="PC1" name="com.qa.apipractice.SchemaTest" tests="1" failures="0" timestamp="13 Apr 2020 05:10:13 GMT" time="7.531" errors="0">
  <testcase name="validateSchema" time="7.531" classname="com.qa.apipractice.SchemaTest"/>
</testsuite> <!-- com.qa.apipractice.SchemaTest -->
