<?xml version="1.0" encoding="UTF-8"?>
<!-- Generated by org.testng.reporters.JUnitReportReporter -->
<testsuite skipped="0" hostname="PC1" name="com.qa.apipractice.PostCallTest" tests="1" failures="0" timestamp="11 Apr 2020 06:47:27 GMT" time="6.437" errors="0">
  <testcase name="extractTokenId" time="6.437" classname="com.qa.apipractice.PostCallTest"/>
</testsuite> <!-- com.qa.apipractice.PostCallTest -->
