<?xml version="1.0" encoding="UTF-8"?>
<!-- Generated by org.testng.reporters.JUnitReportReporter -->
<testsuite skipped="0" hostname="PC1" name="com.qa.apipractice.GetApiTest" tests="1" failures="0" timestamp="10 Apr 2020 07:05:57 GMT" time="6.136" errors="0">
  <testcase name="getTokenRuntime" time="6.136" classname="com.qa.apipractice.GetApiTest"/>
</testsuite> <!-- com.qa.apipractice.GetApiTest -->
