<?xml version="1.0" encoding="UTF-8"?>
<!-- Generated by org.testng.reporters.JUnitReportReporter -->
<testsuite skipped="0" hostname="PC1" name="com.qa.apipractice.TestDeleteCall" tests="1" failures="0" timestamp="16 Apr 2020 08:46:13 GMT" time="4.576" errors="0">
  <testcase name="validateDeleteCall" time="4.576" classname="com.qa.apipractice.TestDeleteCall"/>
</testsuite> <!-- com.qa.apipractice.TestDeleteCall -->
