<?xml version="1.0" encoding="UTF-8"?>
<!-- Generated by org.testng.reporters.JUnitReportReporter -->
<testsuite skipped="0" hostname="PC1" name="com.qa.apipractice.NonBDDGetCall" tests="1" failures="0" timestamp="18 Apr 2020 13:45:53 GMT" time="6.275" errors="0">
  <testcase name="getUsersNonBdd" time="6.275" classname="com.qa.apipractice.NonBDDGetCall"/>
</testsuite> <!-- com.qa.apipractice.NonBDDGetCall -->
