<?xml version="1.0" encoding="UTF-8"?>
<!-- Generated by org.testng.reporters.JUnitReportReporter -->
<testsuite skipped="0" hostname="PC1" name="com.qa.testpost.PostWithPOJO" tests="1" failures="0" timestamp="16 Apr 2020 08:48:30 GMT" time="5.681" errors="0">
  <testcase name="createUserWithPojo" time="5.681" classname="com.qa.testpost.PostWithPOJO"/>
</testsuite> <!-- com.qa.testpost.PostWithPOJO -->
