<?xml version="1.0" encoding="UTF-8"?>
<!-- Generated by org.testng.reporters.JUnitReportReporter -->
<testsuite skipped="0" hostname="PC1" name="com.qa.apipractice.ResponseSpecBuilderTest" tests="1" failures="0" timestamp="11 Apr 2020 05:06:04 GMT" time="4.950" errors="0">
  <testcase name="resSpecTest" time="4.950" classname="com.qa.apipractice.ResponseSpecBuilderTest"/>
</testsuite> <!-- com.qa.apipractice.ResponseSpecBuilderTest -->
